2017-10-25 09:13:58,181 [http-bio-8181-exec-4] DEBUG [com.thinkgem.jeesite.modules.sys.dao.DictDao.findAllList] - ==>  Preparing: SELECT * FROM sys_dict WHERE del_flag = ? ORDER BY type, sort, update_date DESC 
2017-10-25 09:13:58,191 [http-bio-8181-exec-4] DEBUG [com.thinkgem.jeesite.modules.sys.dao.DictDao.findAllList] - ==> Parameters: 0(String)
2017-10-25 09:13:58,261 [http-bio-8181-exec-4] DEBUG [com.thinkgem.jeesite.modules.sys.dao.DictDao.findAllList] - <==      Total: 76
2017-10-25 09:14:30,029 [http-bio-8181-exec-6] DEBUG [com.thinkgem.jeesite.modules.sys.security.SystemAuthorizingRealm] - login submit, active session size: 1, username: thinkgem
2017-10-25 09:14:30,029 [http-bio-8181-exec-6] DEBUG [com.thinkgem.jeesite.modules.sys.dao.UserDao.getByLoginName] - ==>  Preparing: SELECT a.id, a.company_id AS "company.id", a.office_id AS "office.id", a.login_name, a.password, a.no, a.name, a.email, a.phone, a.mobile, a.user_type, a.login_ip, a.login_date, a.remarks, a.login_flag, a.photo, a.create_by AS "createBy.id", a.create_date, a.update_by AS "updateBy.id", a.update_date, a.del_flag, c.name AS "company.name", c.parent_id AS "company.parent.id", c.parent_ids AS "company.parentIds", ca.id AS "company.area.id", ca.name AS "company.area.name", ca.parent_id AS "company.area.parent.id", ca.parent_ids AS "company.area.parentIds", o.name AS "office.name", o.parent_id AS "office.parent.id", o.parent_ids AS "office.parentIds", oa.id AS "office.area.id", oa.name AS "office.area.name", oa.parent_id AS "office.area.parent.id", oa.parent_ids AS "office.area.parentIds", cu.id AS "company.primaryPerson.id", cu.name AS "company.primaryPerson.name", cu2.id AS "company.deputyPerson.id", cu2.name AS "company.deputyPerson.name", ou.id AS "office.primaryPerson.id", ou.name AS "office.primaryPerson.name", ou2.id AS "office.deputyPerson.id", ou2.name AS "office.deputyPerson.name" FROM sys_user a LEFT JOIN sys_office c ON c.id = a.company_id LEFT JOIN sys_area ca ON ca.id = c.area_id LEFT JOIN sys_office o ON o.id = a.office_id LEFT JOIN sys_area oa ON oa.id = o.area_id LEFT JOIN sys_user cu ON cu.id = c.primary_person LEFT JOIN sys_user cu2 ON cu2.id = c.deputy_person LEFT JOIN sys_user ou ON ou.id = o.primary_person LEFT JOIN sys_user ou2 ON ou2.id = o.deputy_person WHERE a.login_name = ? AND a.del_flag = ? 
2017-10-25 09:14:30,029 [http-bio-8181-exec-6] DEBUG [com.thinkgem.jeesite.modules.sys.dao.UserDao.getByLoginName] - ==> Parameters: thinkgem(String), 0(String)
2017-10-25 09:14:30,069 [http-bio-8181-exec-6] DEBUG [com.thinkgem.jeesite.modules.sys.dao.UserDao.getByLoginName] - <==      Total: 1
2017-10-25 09:14:30,119 [http-bio-8181-exec-6] DEBUG [com.thinkgem.jeesite.modules.sys.dao.RoleDao.findList] - ==>  Preparing: SELECT a.id, a.office_id AS "office.id", a.name, a.enname, a.role_type AS roleType, a.data_scope AS dataScope, a.remarks, a.create_by AS "createBy.id", a.create_date, a.update_by AS "updateBy.id", a.update_date, a.del_flag, o.name AS "office.name", o.code, a.useable AS useable, a.is_sys AS sysData , ro.office_id AS "officeList.id" FROM sys_role a LEFT JOIN sys_office o ON o.id = a.office_id LEFT JOIN sys_user_role ur ON ur.role_id = a.id LEFT JOIN sys_user u ON u.id = ur.user_id LEFT JOIN sys_role_office ro ON ro.role_id = a.id WHERE a.del_flag = ? AND a.useable=? AND u.id = ? AND u.login_name = ? ORDER BY o.code, a.name 
2017-10-25 09:14:30,119 [http-bio-8181-exec-6] DEBUG [com.thinkgem.jeesite.modules.sys.dao.RoleDao.findList] - ==> Parameters: 0(String), 1(String), 1(String), thinkgem(String)
2017-10-25 09:14:30,119 [http-bio-8181-exec-6] DEBUG [com.thinkgem.jeesite.modules.sys.dao.RoleDao.findList] - <==      Total: 2
2017-10-25 09:14:30,209 [http-bio-8181-exec-6] DEBUG [com.thinkgem.jeesite.modules.sys.interceptor.LogInterceptor] - 开始计时: 09:14:30.209  URI: /jeesite/a
2017-10-25 09:14:30,219 [http-bio-8181-exec-6] DEBUG [com.thinkgem.jeesite.modules.sys.dao.MenuDao.findAllList] - ==>  Preparing: SELECT a.id, a.parent_id AS "parent.id", a.parent_ids, a.name, a.href, a.target, a.icon, a.sort, a.is_show, a.permission, a.remarks, a.create_by AS "createBy.id", a.create_date, a.update_by AS "updateBy.id", a.update_date, a.del_flag, p.name AS "parent.name" FROM sys_menu a LEFT JOIN sys_menu p ON p.id = a.parent_id WHERE a.del_flag = ? ORDER BY a.sort 
2017-10-25 09:14:30,219 [http-bio-8181-exec-6] DEBUG [com.thinkgem.jeesite.modules.sys.dao.MenuDao.findAllList] - ==> Parameters: 0(String)
2017-10-25 09:14:30,279 [http-bio-8181-exec-6] DEBUG [com.thinkgem.jeesite.modules.sys.dao.MenuDao.findAllList] - <==      Total: 97
2017-10-25 09:14:30,289 [http-bio-8181-exec-6] DEBUG [com.thinkgem.jeesite.modules.sys.dao.UserDao.updateLoginInfo] - ==>  Preparing: UPDATE sys_user SET login_ip = ?, login_Date = ? WHERE id = ? 
2017-10-25 09:14:30,289 [http-bio-8181-exec-6] DEBUG [com.thinkgem.jeesite.modules.sys.dao.UserDao.updateLoginInfo] - ==> Parameters: 0:0:0:0:0:0:0:1(String), 2017-10-25 09:14:30.289(Timestamp), 1(String)
2017-10-25 09:14:30,289 [http-bio-8181-exec-6] DEBUG [com.thinkgem.jeesite.modules.sys.dao.UserDao.updateLoginInfo] - <==    Updates: 1
2017-10-25 09:14:30,369 [http-bio-8181-exec-6] INFO  [com.thinkgem.jeesite.modules.sys.interceptor.LogInterceptor] - ViewName: modules/sys/sysIndex
2017-10-25 09:14:30,399 [SaveLogThread] DEBUG [com.thinkgem.jeesite.modules.sys.dao.LogDao.insert] - ==>  Preparing: INSERT INTO sys_log( id, type, title, create_by, create_date, remote_addr, user_agent, request_uri, method, params, exception ) VALUES ( ?, ?, ?, ?, ?, ?, ?, ?, ?, ?, ? ) 
2017-10-25 09:14:30,409 [SaveLogThread] DEBUG [com.thinkgem.jeesite.modules.sys.dao.LogDao.insert] - ==> Parameters: 1359e7b55cb1482ca390bb024ae65989(String), 1(String), 系统登录(String), 1(String), 2017-10-25 09:14:30.399(Timestamp), 0:0:0:0:0:0:0:1(String), Mozilla/5.0 (Windows NT 6.1; Win64; x64; rv:56.0) Gecko/20100101 Firefox/56.0(String), /jeesite/a(String), GET(String), login=(String), (String)
2017-10-25 09:14:30,519 [http-bio-8181-exec-6] DEBUG [com.thinkgem.jeesite.modules.sys.interceptor.LogInterceptor] - 计时结束：09:14:30.519  耗时：0:0:0.310  URI: /jeesite/a  最大内存: 1792m  已分配内存: 754m  已分配内存中的剩余空间: 198m  最大可用内存: 1236m
2017-10-25 09:14:30,519 [SaveLogThread] DEBUG [com.thinkgem.jeesite.modules.sys.dao.MenuDao.findAllList] - ==>  Preparing: SELECT a.id, a.parent_id AS "parent.id", a.parent_ids, a.name, a.href, a.target, a.icon, a.sort, a.is_show, a.permission, a.remarks, a.create_by AS "createBy.id", a.create_date, a.update_by AS "updateBy.id", a.update_date, a.del_flag, p.name AS "parent.name" FROM sys_menu a LEFT JOIN sys_menu p ON p.id = a.parent_id WHERE a.del_flag = ? ORDER BY a.sort 
2017-10-25 09:14:30,519 [SaveLogThread] DEBUG [com.thinkgem.jeesite.modules.sys.dao.MenuDao.findAllList] - ==> Parameters: 0(String)
2017-10-25 09:14:30,539 [SaveLogThread] DEBUG [com.thinkgem.jeesite.modules.sys.dao.LogDao.insert] - <==    Updates: 1
2017-10-25 09:14:30,619 [SaveLogThread] DEBUG [com.thinkgem.jeesite.modules.sys.dao.MenuDao.findAllList] - <==      Total: 97
2017-10-25 09:14:31,249 [http-bio-8181-exec-6] DEBUG [com.thinkgem.jeesite.modules.sys.interceptor.LogInterceptor] - 开始计时: 09:14:31.249  URI: /jeesite/a/sys/user/info
2017-10-25 09:14:31,269 [http-bio-8181-exec-6] INFO  [com.thinkgem.jeesite.modules.sys.interceptor.LogInterceptor] - ViewName: modules/sys/userInfo
2017-10-25 09:14:31,539 [http-bio-8181-exec-6] DEBUG [com.thinkgem.jeesite.modules.sys.interceptor.LogInterceptor] - 计时结束：09:14:31.539  耗时：0:0:0.290  URI: /jeesite/a/sys/user/info  最大内存: 1792m  已分配内存: 754m  已分配内存中的剩余空间: 159m  最大可用内存: 1197m
2017-10-25 09:14:31,549 [SaveLogThread] DEBUG [com.thinkgem.jeesite.modules.sys.dao.LogDao.insert] - ==>  Preparing: INSERT INTO sys_log( id, type, title, create_by, create_date, remote_addr, user_agent, request_uri, method, params, exception ) VALUES ( ?, ?, ?, ?, ?, ?, ?, ?, ?, ?, ? ) 
2017-10-25 09:14:31,549 [SaveLogThread] DEBUG [com.thinkgem.jeesite.modules.sys.dao.LogDao.insert] - ==> Parameters: 0ed444757c234469b5a2f83bb5461839(String), 1(String), 我的面板-个人信息-个人信息(String), 1(String), 2017-10-25 09:14:31.549(Timestamp), 0:0:0:0:0:0:0:1(String), Mozilla/5.0 (Windows NT 6.1; Win64; x64; rv:56.0) Gecko/20100101 Firefox/56.0(String), /jeesite/a/sys/user/info(String), GET(String), (String), (String)
2017-10-25 09:14:31,599 [SaveLogThread] DEBUG [com.thinkgem.jeesite.modules.sys.dao.LogDao.insert] - <==    Updates: 1
2017-10-25 09:14:50,009 [http-bio-8181-exec-6] DEBUG [com.thinkgem.jeesite.modules.sys.interceptor.LogInterceptor] - 开始计时: 09:14:50.009  URI: /jeesite/a/sys/user/index
2017-10-25 09:14:50,009 [http-bio-8181-exec-6] INFO  [com.thinkgem.jeesite.modules.sys.interceptor.LogInterceptor] - ViewName: modules/sys/userIndex
2017-10-25 09:14:50,139 [http-bio-8181-exec-6] DEBUG [com.thinkgem.jeesite.modules.sys.interceptor.LogInterceptor] - 计时结束：09:14:50.139  耗时：0:0:0.130  URI: /jeesite/a/sys/user/index  最大内存: 1792m  已分配内存: 754m  已分配内存中的剩余空间: 149m  最大可用内存: 1187m
2017-10-25 09:14:50,139 [SaveLogThread] DEBUG [com.thinkgem.jeesite.modules.sys.dao.LogDao.insert] - ==>  Preparing: INSERT INTO sys_log( id, type, title, create_by, create_date, remote_addr, user_agent, request_uri, method, params, exception ) VALUES ( ?, ?, ?, ?, ?, ?, ?, ?, ?, ?, ? ) 
2017-10-25 09:14:50,139 [SaveLogThread] DEBUG [com.thinkgem.jeesite.modules.sys.dao.LogDao.insert] - ==> Parameters: 401cf0e98e674832b90aed047649d1d6(String), 1(String), 系统设置-机构用户-用户管理(String), 1(String), 2017-10-25 09:14:50.139(Timestamp), 0:0:0:0:0:0:0:1(String), Mozilla/5.0 (Windows NT 6.1; Win64; x64; rv:56.0) Gecko/20100101 Firefox/56.0(String), /jeesite/a/sys/user/index(String), GET(String), (String), (String)
2017-10-25 09:14:50,179 [SaveLogThread] DEBUG [com.thinkgem.jeesite.modules.sys.dao.LogDao.insert] - <==    Updates: 1
2017-10-25 09:14:50,309 [http-bio-8181-exec-6] DEBUG [com.thinkgem.jeesite.modules.sys.interceptor.LogInterceptor] - 开始计时: 09:14:50.309  URI: /jeesite/a/sys/user/list
2017-10-25 09:14:50,309 [http-bio-8181-exec-4] DEBUG [com.thinkgem.jeesite.modules.sys.interceptor.LogInterceptor] - 开始计时: 09:14:50.309  URI: /jeesite/a/sys/office/treeData
2017-10-25 09:14:50,339 [http-bio-8181-exec-6] DEBUG [com.thinkgem.jeesite.common.persistence.interceptor.PaginationInterceptor] - COUNT SQL: select count(1) from (SELECT           a.id,      a.company_id AS "company.id",      a.office_id AS "office.id",      a.login_name,      a.password,      a.no,   a.name,   a.email,   a.phone,   a.mobile,   a.user_type,   a.login_ip,   a.login_date,   a.remarks,   a.login_flag,   a.photo,   a.create_by AS "createBy.id",   a.create_date,   a.update_by AS "updateBy.id",   a.update_date,   a.del_flag,      c.name AS "company.name",      c.parent_id AS "company.parent.id",      c.parent_ids AS "company.parentIds",      ca.id AS "company.area.id",      ca.name AS "company.area.name",      ca.parent_id AS "company.area.parent.id",      ca.parent_ids AS "company.area.parentIds",      o.name AS "office.name",      o.parent_id AS "office.parent.id",      o.parent_ids AS "office.parentIds",      oa.id AS "office.area.id",      oa.name AS "office.area.name",      oa.parent_id AS "office.area.parent.id",      oa.parent_ids AS "office.area.parentIds",      cu.id AS "company.primaryPerson.id",      cu.name AS "company.primaryPerson.name",      cu2.id AS "company.deputyPerson.id",      cu2.name AS "company.deputyPerson.name",      ou.id AS "office.primaryPerson.id",      ou.name AS "office.primaryPerson.name",      ou2.id AS "office.deputyPerson.id",      ou2.name AS "office.deputyPerson.name"         FROM sys_user a       LEFT JOIN sys_office c ON c.id = a.company_id   LEFT JOIN sys_area ca ON ca.id = c.area_id   LEFT JOIN sys_office o ON o.id = a.office_id   LEFT JOIN sys_area oa ON oa.id = o.area_id   LEFT JOIN sys_user cu ON cu.id = c.primary_person   LEFT JOIN sys_user cu2 ON cu2.id = c.deputy_person   LEFT JOIN sys_user ou ON ou.id = o.primary_person   LEFT JOIN sys_user ou2 ON ou2.id = o.deputy_person             WHERE a.del_flag = ?                                      ) tmp_count
2017-10-25 09:14:50,339 [http-bio-8181-exec-6] DEBUG [com.thinkgem.jeesite.modules.sys.dao.UserDao.findList] - ==>  Preparing: SELECT a.id, a.company_id AS "company.id", a.office_id AS "office.id", a.login_name, a.password, a.no, a.name, a.email, a.phone, a.mobile, a.user_type, a.login_ip, a.login_date, a.remarks, a.login_flag, a.photo, a.create_by AS "createBy.id", a.create_date, a.update_by AS "updateBy.id", a.update_date, a.del_flag, c.name AS "company.name", c.parent_id AS "company.parent.id", c.parent_ids AS "company.parentIds", ca.id AS "company.area.id", ca.name AS "company.area.name", ca.parent_id AS "company.area.parent.id", ca.parent_ids AS "company.area.parentIds", o.name AS "office.name", o.parent_id AS "office.parent.id", o.parent_ids AS "office.parentIds", oa.id AS "office.area.id", oa.name AS "office.area.name", oa.parent_id AS "office.area.parent.id", oa.parent_ids AS "office.area.parentIds", cu.id AS "company.primaryPerson.id", cu.name AS "company.primaryPerson.name", cu2.id AS "company.deputyPerson.id", cu2.name AS "company.deputyPerson.name", ou.id AS "office.primaryPerson.id", ou.name AS "office.primaryPerson.name", ou2.id AS "office.deputyPerson.id", ou2.name AS "office.deputyPerson.name" FROM sys_user a LEFT JOIN sys_office c ON c.id = a.company_id LEFT JOIN sys_area ca ON ca.id = c.area_id LEFT JOIN sys_office o ON o.id = a.office_id LEFT JOIN sys_area oa ON oa.id = o.area_id LEFT JOIN sys_user cu ON cu.id = c.primary_person LEFT JOIN sys_user cu2 ON cu2.id = c.deputy_person LEFT JOIN sys_user ou ON ou.id = o.primary_person LEFT JOIN sys_user ou2 ON ou2.id = o.deputy_person WHERE a.del_flag = ? ORDER BY c.code, o.code, a.name limit 30 
2017-10-25 09:14:50,339 [http-bio-8181-exec-6] DEBUG [com.thinkgem.jeesite.modules.sys.dao.UserDao.findList] - ==> Parameters: 0(String)
2017-10-25 09:14:50,349 [http-bio-8181-exec-4] DEBUG [com.thinkgem.jeesite.modules.sys.dao.OfficeDao.findAllList] - ==>  Preparing: SELECT a.id, a.parent_id AS "parent.id", a.parent_ids, a.area_id AS "area.id", a.code, a.name, a.sort, a.type, a.grade, a.address, a.zip_code, a.master, a.phone, a.fax, a.email, a.remarks, a.create_by AS "createBy.id", a.create_date, a.update_by AS "updateBy.id", a.update_date, a.del_flag, a.useable AS useable, a.primary_person AS "primaryPerson.id", a.deputy_person AS "deputyPerson.id", p.name AS "parent.name", ar.name AS "area.name", ar.parent_ids AS "area.parentIds", pp.name AS "primaryPerson.name", dp.name AS "deputyPerson.name" FROM sys_office a LEFT JOIN sys_office p ON p.id = a.parent_id LEFT JOIN sys_area ar ON ar.id = a.area_id LEFT JOIN SYS_USER pp ON pp.id = a.primary_person LEFT JOIN SYS_USER dp ON dp.id = a.deputy_person WHERE a.del_flag = ? ORDER BY a.code 
2017-10-25 09:14:50,389 [http-bio-8181-exec-6] DEBUG [com.thinkgem.jeesite.modules.sys.dao.UserDao.findList] - <==      Total: 13
2017-10-25 09:14:50,389 [http-bio-8181-exec-4] DEBUG [com.thinkgem.jeesite.modules.sys.dao.OfficeDao.findAllList] - ==> Parameters: 0(String)
2017-10-25 09:14:50,399 [http-bio-8181-exec-6] INFO  [com.thinkgem.jeesite.modules.sys.interceptor.LogInterceptor] - ViewName: modules/sys/userList
2017-10-25 09:14:50,429 [http-bio-8181-exec-4] DEBUG [com.thinkgem.jeesite.modules.sys.dao.OfficeDao.findAllList] - <==      Total: 26
2017-10-25 09:14:50,489 [http-bio-8181-exec-4] DEBUG [com.thinkgem.jeesite.modules.sys.interceptor.LogInterceptor] - 计时结束：09:14:50.489  耗时：0:0:0.180  URI: /jeesite/a/sys/office/treeData  最大内存: 1792m  已分配内存: 754m  已分配内存中的剩余空间: 126m  最大可用内存: 1164m
2017-10-25 09:14:50,549 [http-bio-8181-exec-6] DEBUG [com.thinkgem.jeesite.modules.sys.interceptor.LogInterceptor] - 计时结束：09:14:50.549  耗时：0:0:0.240  URI: /jeesite/a/sys/user/list  最大内存: 1792m  已分配内存: 754m  已分配内存中的剩余空间: 124m  最大可用内存: 1161m
2017-10-25 09:14:50,569 [SaveLogThread] DEBUG [com.thinkgem.jeesite.modules.sys.dao.LogDao.insert] - ==>  Preparing: INSERT INTO sys_log( id, type, title, create_by, create_date, remote_addr, user_agent, request_uri, method, params, exception ) VALUES ( ?, ?, ?, ?, ?, ?, ?, ?, ?, ?, ? ) 
2017-10-25 09:14:50,569 [SaveLogThread] DEBUG [com.thinkgem.jeesite.modules.sys.dao.LogDao.insert] - ==> Parameters: a317622d624e4296b9c34b3618c8119f(String), 1(String), 系统设置-机构用户-用户管理-查看(String), 1(String), 2017-10-25 09:14:50.569(Timestamp), 0:0:0:0:0:0:0:1(String), Mozilla/5.0 (Windows NT 6.1; Win64; x64; rv:56.0) Gecko/20100101 Firefox/56.0(String), /jeesite/a/sys/user/list(String), GET(String), (String), (String)
2017-10-25 09:14:50,609 [SaveLogThread] DEBUG [com.thinkgem.jeesite.modules.sys.dao.LogDao.insert] - <==    Updates: 1
2017-10-25 09:15:01,799 [http-bio-8181-exec-6] DEBUG [com.thinkgem.jeesite.modules.sys.interceptor.LogInterceptor] - 开始计时: 09:15:01.749  URI: /jeesite/a/gen/genTable
2017-10-25 09:15:01,829 [http-bio-8181-exec-6] DEBUG [com.thinkgem.jeesite.common.persistence.interceptor.PaginationInterceptor] - COUNT SQL: select count(1) from (SELECT         a.*      FROM gen_table a                WHERE a.del_flag = ?                          ) tmp_count
2017-10-25 09:15:01,849 [http-bio-8181-exec-6] DEBUG [com.thinkgem.jeesite.modules.gen.dao.GenTableDao.findList] - ==>  Preparing: SELECT a.* FROM gen_table a WHERE a.del_flag = ? ORDER BY a.name ASC limit 30 
2017-10-25 09:15:01,849 [http-bio-8181-exec-6] DEBUG [com.thinkgem.jeesite.modules.gen.dao.GenTableDao.findList] - ==> Parameters: 0(String)
2017-10-25 09:15:01,849 [http-bio-8181-exec-6] DEBUG [com.thinkgem.jeesite.modules.gen.dao.GenTableDao.findList] - <==      Total: 5
2017-10-25 09:15:01,849 [http-bio-8181-exec-6] INFO  [com.thinkgem.jeesite.modules.sys.interceptor.LogInterceptor] - ViewName: modules/gen/genTableList
2017-10-25 09:15:01,909 [http-bio-8181-exec-6] DEBUG [com.thinkgem.jeesite.modules.sys.interceptor.LogInterceptor] - 计时结束：09:15:01.909  耗时：0:0:0.160  URI: /jeesite/a/gen/genTable  最大内存: 1792m  已分配内存: 751m  已分配内存中的剩余空间: 598m  最大可用内存: 1638m
2017-10-25 09:15:01,909 [SaveLogThread] DEBUG [com.thinkgem.jeesite.modules.sys.dao.LogDao.insert] - ==>  Preparing: INSERT INTO sys_log( id, type, title, create_by, create_date, remote_addr, user_agent, request_uri, method, params, exception ) VALUES ( ?, ?, ?, ?, ?, ?, ?, ?, ?, ?, ? ) 
2017-10-25 09:15:01,909 [SaveLogThread] DEBUG [com.thinkgem.jeesite.modules.sys.dao.LogDao.insert] - ==> Parameters: cfdc2b40b2de417ab10c52ae944a9d92(String), 1(String), 代码生成-代码生成-业务表配置(String), 1(String), 2017-10-25 09:15:01.909(Timestamp), 0:0:0:0:0:0:0:1(String), Mozilla/5.0 (Windows NT 6.1; Win64; x64; rv:56.0) Gecko/20100101 Firefox/56.0(String), /jeesite/a/gen/genTable(String), GET(String), (String), (String)
2017-10-25 09:15:01,939 [SaveLogThread] DEBUG [com.thinkgem.jeesite.modules.sys.dao.LogDao.insert] - <==    Updates: 1
2017-10-25 09:15:14,039 [http-bio-8181-exec-6] DEBUG [com.thinkgem.jeesite.modules.sys.interceptor.LogInterceptor] - 开始计时: 09:15:14.039  URI: /jeesite/a/gen/genTable/form
2017-10-25 09:15:14,049 [http-bio-8181-exec-6] DEBUG [com.thinkgem.jeesite.modules.gen.dao.GenDataBaseDictDao.findTableList] - ==>  Preparing: SELECT t.table_name AS name,t.TABLE_COMMENT AS comments FROM information_schema.`TABLES` t WHERE t.TABLE_SCHEMA = (select database()) ORDER BY t.TABLE_NAME 
2017-10-25 09:15:14,049 [http-bio-8181-exec-6] DEBUG [com.thinkgem.jeesite.modules.gen.dao.GenDataBaseDictDao.findTableList] - ==> Parameters: 
2017-10-25 09:15:14,069 [http-bio-8181-exec-6] DEBUG [com.thinkgem.jeesite.modules.gen.dao.GenDataBaseDictDao.findTableList] - <==      Total: 57
2017-10-25 09:15:14,329 [http-bio-8181-exec-6] INFO  [com.thinkgem.jeesite.modules.sys.interceptor.LogInterceptor] - ViewName: modules/gen/genTableForm
2017-10-25 09:15:14,399 [http-bio-8181-exec-6] DEBUG [com.thinkgem.jeesite.modules.sys.interceptor.LogInterceptor] - 计时结束：09:15:14.399  耗时：0:0:0.360  URI: /jeesite/a/gen/genTable/form  最大内存: 1792m  已分配内存: 751m  已分配内存中的剩余空间: 576m  最大可用内存: 1616m
2017-10-25 09:15:29,449 [http-bio-8181-exec-4] DEBUG [com.thinkgem.jeesite.modules.sys.interceptor.LogInterceptor] - 开始计时: 09:15:29.449  URI: /jeesite/a/gen/genTable/form
2017-10-25 09:15:29,449 [http-bio-8181-exec-4] DEBUG [com.thinkgem.jeesite.modules.gen.dao.GenDataBaseDictDao.findTableList] - ==>  Preparing: SELECT t.table_name AS name,t.TABLE_COMMENT AS comments FROM information_schema.`TABLES` t WHERE t.TABLE_SCHEMA = (select database()) ORDER BY t.TABLE_NAME 
2017-10-25 09:15:29,449 [http-bio-8181-exec-4] DEBUG [com.thinkgem.jeesite.modules.gen.dao.GenDataBaseDictDao.findTableList] - ==> Parameters: 
2017-10-25 09:15:29,459 [http-bio-8181-exec-4] DEBUG [com.thinkgem.jeesite.modules.gen.dao.GenDataBaseDictDao.findTableList] - <==      Total: 57
2017-10-25 09:15:29,469 [http-bio-8181-exec-4] DEBUG [com.thinkgem.jeesite.modules.gen.dao.GenTableDao.findList] - ==>  Preparing: SELECT a.* FROM gen_table a WHERE a.del_flag = ? AND a.name = ? ORDER BY a.name ASC 
2017-10-25 09:15:29,469 [http-bio-8181-exec-4] DEBUG [com.thinkgem.jeesite.modules.gen.dao.GenTableDao.findList] - ==> Parameters: 0(String), biz_sort(String)
2017-10-25 09:15:29,469 [http-bio-8181-exec-4] DEBUG [com.thinkgem.jeesite.modules.gen.dao.GenTableDao.findList] - <==      Total: 0
2017-10-25 09:15:29,469 [http-bio-8181-exec-4] DEBUG [com.thinkgem.jeesite.modules.gen.dao.GenDataBaseDictDao.findTableList] - ==>  Preparing: SELECT t.table_name AS name,t.TABLE_COMMENT AS comments FROM information_schema.`TABLES` t WHERE t.TABLE_SCHEMA = (select database()) AND t.TABLE_NAME = (?) ORDER BY t.TABLE_NAME 
2017-10-25 09:15:29,469 [http-bio-8181-exec-4] DEBUG [com.thinkgem.jeesite.modules.gen.dao.GenDataBaseDictDao.findTableList] - ==> Parameters: biz_sort(String)
2017-10-25 09:15:29,469 [http-bio-8181-exec-4] DEBUG [com.thinkgem.jeesite.modules.gen.dao.GenDataBaseDictDao.findTableList] - <==      Total: 1
2017-10-25 09:15:29,469 [http-bio-8181-exec-4] DEBUG [com.thinkgem.jeesite.modules.gen.dao.GenDataBaseDictDao.findTableColumnList] - ==>  Preparing: SELECT t.COLUMN_NAME AS name, (CASE WHEN t.IS_NULLABLE = 'YES' THEN '1' ELSE '0' END) AS isNull, (t.ORDINAL_POSITION * 10) AS sort,t.COLUMN_COMMENT AS comments,t.COLUMN_TYPE AS jdbcType FROM information_schema.`COLUMNS` t WHERE t.TABLE_SCHEMA = (select database()) AND t.TABLE_NAME = (?) ORDER BY t.ORDINAL_POSITION 
2017-10-25 09:15:29,469 [http-bio-8181-exec-4] DEBUG [com.thinkgem.jeesite.modules.gen.dao.GenDataBaseDictDao.findTableColumnList] - ==> Parameters: biz_sort(String)
2017-10-25 09:15:29,479 [http-bio-8181-exec-4] DEBUG [com.thinkgem.jeesite.modules.gen.dao.GenDataBaseDictDao.findTableColumnList] - <==      Total: 12
2017-10-25 09:15:29,479 [http-bio-8181-exec-4] DEBUG [com.thinkgem.jeesite.modules.gen.dao.GenDataBaseDictDao.findTablePK] - ==>  Preparing: SELECT lower(au.COLUMN_NAME) AS columnName FROM information_schema.`COLUMNS` au WHERE au.TABLE_SCHEMA = (select database()) AND au.COLUMN_KEY='PRI' AND au.TABLE_NAME = (?) 
2017-10-25 09:15:29,479 [http-bio-8181-exec-4] DEBUG [com.thinkgem.jeesite.modules.gen.dao.GenDataBaseDictDao.findTablePK] - ==> Parameters: biz_sort(String)
2017-10-25 09:15:29,489 [http-bio-8181-exec-4] DEBUG [com.thinkgem.jeesite.modules.gen.dao.GenDataBaseDictDao.findTablePK] - <==      Total: 1
2017-10-25 09:15:29,489 [http-bio-8181-exec-4] INFO  [com.thinkgem.jeesite.modules.sys.interceptor.LogInterceptor] - ViewName: modules/gen/genTableForm
2017-10-25 09:15:29,669 [http-bio-8181-exec-4] DEBUG [com.thinkgem.jeesite.modules.sys.interceptor.LogInterceptor] - 计时结束：09:15:29.669  耗时：0:0:0.220  URI: /jeesite/a/gen/genTable/form  最大内存: 1792m  已分配内存: 751m  已分配内存中的剩余空间: 562m  最大可用内存: 1602m
